<?xml version="1.0" encoding="UTF-8"?>
<!-- Generated by org.testng.reporters.JUnitReportReporter -->
<testsuite hostname="DOQFYLP-42" failures="0" tests="1" name="testCases.Tc001_login" time="0.509" errors="0" timestamp="2025-06-23T13:57:49 IST" skipped="0">
  <testcase classname="testCases.Tc001_login" name="loginTest" time="0.509"/>
</testsuite> <!-- testCases.Tc001_login -->
